
> react-typescript-starter@0.1.0 test
> react-scripts test --coverage

Browserslist: caniuse-lite is outdated. Please run:
  npx browserslist@latest --update-db
  Why you should do it regularly: https://github.com/browserslist/browserslist#browsers-data-updating
PASS src/arrays.test.ts
FAIL src/quizzer/Quizzer.test.tsx
  ● Quizzer Tests › Quiz questions can be of AT LEAST two types: a short answer question or multiple choice question 

    expect(received).toBeTruthy()

    Received: false

      236 |             "question_type_dropdown_0"
      237 |         );
    > 238 |         expect(options[0].selected).toBeTruthy();
          |                                     ^
      239 |         expect(options[1].selected).toBeFalsy();
      240 |
      241 |         const saveButton = screen.getByText("Save");

      at Object.<anonymous> (src/quizzer/Quizzer.test.tsx:238:37)

PASS src/components/StartAttempt.test.tsx
PASS src/components/TwoDice.test.tsx
PASS src/form-components/MultipleChoiceQuestion.test.tsx
PASS src/bad-components/ChooseTeam.test.tsx
PASS src/bad-components/DoubleHalf.test.tsx
PASS src/functions.test.ts
PASS src/form-components/CheckAnswer.test.tsx
PASS src/form-components/EditMode.test.tsx
PASS src/components/ChangeType.test.tsx
PASS src/components/CycleHoliday.test.tsx
PASS src/form-components/GiveAttempts.test.tsx
PASS src/form-components/ChangeColor.test.tsx
PASS src/components/Counter.test.tsx
PASS src/components/RevealAnswer.test.tsx
PASS src/bad-components/ColoredBox.test.tsx
PASS src/bad-components/ShoveBox.test.tsx
PASS src/App.test.tsx
-----------------------------|---------|----------|---------|---------|--------------------------------------------
File                         | % Stmts | % Branch | % Funcs | % Lines | Uncovered Line #s                          
-----------------------------|---------|----------|---------|---------|--------------------------------------------
All files                    |    91.5 |    91.36 |   88.96 |   91.18 |                                            
 src                         |   98.27 |     93.1 |   96.42 |   98.18 |                                            
  App.tsx                    |   66.66 |       50 |      50 |   66.66 | 16                                         
  arrays.ts                  |     100 |      100 |     100 |     100 |                                            
  functions.ts               |     100 |      100 |     100 |     100 |                                            
 src/bad-components          |     100 |       50 |     100 |     100 |                                            
  ChooseTeam.tsx             |     100 |       50 |     100 |     100 | 18                                         
  ColoredBox.tsx             |     100 |      100 |     100 |     100 |                                            
  DoubleHalf.tsx             |     100 |      100 |     100 |     100 |                                            
  ShoveBox.tsx               |     100 |      100 |     100 |     100 |                                            
 src/components              |     100 |      100 |     100 |     100 |                                            
  ChangeType.tsx             |     100 |      100 |     100 |     100 |                                            
  Counter.tsx                |     100 |      100 |     100 |     100 |                                            
  CycleHoliday.tsx           |     100 |      100 |     100 |     100 |                                            
  RevealAnswer.tsx           |     100 |      100 |     100 |     100 |                                            
  StartAttempt.tsx           |     100 |      100 |     100 |     100 |                                            
  TwoDice.tsx                |     100 |      100 |     100 |     100 |                                            
 src/form-components         |     100 |      100 |     100 |     100 |                                            
  ChangeColor.tsx            |     100 |      100 |     100 |     100 |                                            
  CheckAnswer.tsx            |     100 |      100 |     100 |     100 |                                            
  EditMode.tsx               |     100 |      100 |     100 |     100 |                                            
  GiveAttempts.tsx           |     100 |      100 |     100 |     100 |                                            
  MultipleChoiceQuestion.tsx |     100 |      100 |     100 |     100 |                                            
 src/interfaces              |       0 |        0 |       0 |       0 |                                            
  answer.ts                  |       0 |        0 |       0 |       0 |                                            
  question.ts                |       0 |        0 |       0 |       0 |                                            
  quiz.ts                    |       0 |        0 |       0 |       0 |                                            
 src/quizzer                 |   82.26 |    83.92 |   77.46 |   81.48 |                                            
  AddQuizModal.tsx           |   64.28 |      100 |      40 |   64.28 | 36-55                                      
  QuestionEdit.tsx           |   42.85 |    64.28 |      40 |   42.85 | 27-30,49-50,57-59,67-69,92,170,204,231,256 
  QuizCard.tsx               |     100 |       80 |     100 |     100 | 32                                         
  QuizEdit.tsx               |   85.18 |      100 |   73.33 |      84 | 34-38,73,102                               
  QuizExpanded.tsx           |     100 |    85.71 |     100 |     100 | 73                                         
  QuizList.tsx               |     100 |      100 |     100 |     100 |                                            
  QuizQuestion.tsx           |     100 |    85.71 |     100 |     100 | 24-31                                      
  QuizView.tsx               |     100 |      100 |     100 |     100 |                                            
  Quizzer.tsx                |     100 |      100 |     100 |     100 |                                            
-----------------------------|---------|----------|---------|---------|--------------------------------------------

Test Suites: 1 failed, 18 passed, 19 total
Tests:       1 failed, 119 passed, 120 total
Snapshots:   0 total
Time:        13.717 s
Ran all test suites.
